<?xml version="1.0" encoding="UTF-8"?>
<testng-results ignored="0" total="4" passed="4" failed="0" skipped="0">
  <reporter-output>
  </reporter-output>
  <suite started-at="2024-01-12T09:30:29 IST" name="Default suite" finished-at="2024-01-12T09:30:29 IST" duration-ms="591">
    <groups>
      <group name="cucumber">
        <method signature="AbstractTestNGCucumberTests.runScenario(io.cucumber.testng.PickleWrapper,io.cucumber.testng.FeatureWrapper)[pri:0, instance:cucumberOptionsdemo.TestNGRunner@7133da86]" name="runScenario" class="io.cucumber.testng.AbstractTestNGCucumberTests"/>
      </group> <!-- cucumber -->
    </groups>
    <test started-at="2024-01-12T09:30:29 IST" name="Default test" finished-at="2024-01-12T09:30:29 IST" duration-ms="591">
      <class name="cucumberOptionsdemo.TestNGRunner">
        <test-method is-config="true" signature="setUpClass(org.testng.ITestContext)[pri:0, instance:cucumberOptionsdemo.TestNGRunner@7133da86]" started-at="2024-01-12T09:30:29 IST" name="setUpClass" finished-at="2024-01-12T09:30:29 IST" duration-ms="437" status="PASS">
          <params>
            <param index="0">
              <value>
                <![CDATA[org.testng.TestRunner@20765ed5]]>
              </value>
            </param>
          </params>
          <reporter-output>
          </reporter-output>
        </test-method> <!-- setUpClass -->
        <test-method signature="runScenario(io.cucumber.testng.PickleWrapper,io.cucumber.testng.FeatureWrapper)[pri:0, instance:cucumberOptionsdemo.TestNGRunner@7133da86]" started-at="2024-01-12T09:30:29 IST" name="runScenario" description="Runs Cucumber Scenarios" data-provider="scenarios" finished-at="2024-01-12T09:30:29 IST" duration-ms="64" status="PASS">
          <params>
            <param index="0">
              <value>
                <![CDATA["Verify banking login functionality"]]>
              </value>
            </param>
            <param index="1">
              <value>
                <![CDATA["Verify banking application"]]>
              </value>
            </param>
          </params>
          <reporter-output>
          </reporter-output>
        </test-method> <!-- runScenario -->
        <test-method signature="runScenario(io.cucumber.testng.PickleWrapper,io.cucumber.testng.FeatureWrapper)[pri:0, instance:cucumberOptionsdemo.TestNGRunner@7133da86]" started-at="2024-01-12T09:30:29 IST" name="runScenario" description="Runs Cucumber Scenarios" data-provider="scenarios" finished-at="2024-01-12T09:30:29 IST" duration-ms="14" status="PASS">
          <params>
            <param index="0">
              <value>
                <![CDATA["Validate by passing username and password"]]>
              </value>
            </param>
            <param index="1">
              <value>
                <![CDATA["Verify banking application"]]>
              </value>
            </param>
          </params>
          <reporter-output>
          </reporter-output>
        </test-method> <!-- runScenario -->
        <test-method signature="runScenario(io.cucumber.testng.PickleWrapper,io.cucumber.testng.FeatureWrapper)[pri:0, instance:cucumberOptionsdemo.TestNGRunner@7133da86]" started-at="2024-01-12T09:30:29 IST" name="runScenario" description="Runs Cucumber Scenarios" data-provider="scenarios" finished-at="2024-01-12T09:30:29 IST" duration-ms="5" status="PASS">
          <params>
            <param index="0">
              <value>
                <![CDATA["Validate by passing username and password"]]>
              </value>
            </param>
            <param index="1">
              <value>
                <![CDATA["Verify banking application"]]>
              </value>
            </param>
          </params>
          <reporter-output>
          </reporter-output>
        </test-method> <!-- runScenario -->
        <test-method signature="runScenario(io.cucumber.testng.PickleWrapper,io.cucumber.testng.FeatureWrapper)[pri:0, instance:cucumberOptionsdemo.TestNGRunner@7133da86]" started-at="2024-01-12T09:30:29 IST" name="runScenario" description="Runs Cucumber Scenarios" data-provider="scenarios" finished-at="2024-01-12T09:30:29 IST" duration-ms="13" status="PASS">
          <params>
            <param index="0">
              <value>
                <![CDATA["Verify banking login functionality"]]>
              </value>
            </param>
            <param index="1">
              <value>
                <![CDATA["Verify banking application"]]>
              </value>
            </param>
          </params>
          <reporter-output>
          </reporter-output>
        </test-method> <!-- runScenario -->
        <test-method is-config="true" signature="tearDownClass()[pri:0, instance:cucumberOptionsdemo.TestNGRunner@7133da86]" started-at="2024-01-12T09:30:29 IST" name="tearDownClass" finished-at="2024-01-12T09:30:29 IST" duration-ms="27" status="PASS">
          <reporter-output>
          </reporter-output>
        </test-method> <!-- tearDownClass -->
      </class> <!-- cucumberOptionsdemo.TestNGRunner -->
    </test> <!-- Default test -->
  </suite> <!-- Default suite -->
</testng-results>
